
> react-typescript-starter@0.1.0 test
> react-scripts test --coverage

PASS src/HtmlCss.test.tsx
PASS src/functions.test.ts
PASS src/text.test.tsx
PASS src/App.test.tsx
--------------|---------|----------|---------|---------|-------------------
File          | % Stmts | % Branch | % Funcs | % Lines | Uncovered Line #s 
--------------|---------|----------|---------|---------|-------------------
All files     |   88.46 |    82.05 |     100 |   88.46 |                   
 App.tsx      |     100 |      100 |     100 |     100 |                   
 functions.ts |    87.5 |    82.05 |     100 |    87.5 | 24,26,28          
--------------|---------|----------|---------|---------|-------------------

Test Suites: 4 passed, 4 total
Tests:       14 passed, 14 total
Snapshots:   0 total
Time:        3.242 s
Ran all test suites.
